0 info it worked if it ends with ok
1 verbose cli [ '/opt/nodes/6.1.0/bin/node',
1 verbose cli   '/opt/boxen/nodenv/versions/6.1.0/bin/npm',
1 verbose cli   'start' ]
2 info using npm@3.8.6
3 info using node@v6.1.0
4 verbose stack Error: missing script: start
4 verbose stack     at run (/opt/nodes/6.1.0/lib/node_modules/npm/lib/run-script.js:147:19)
4 verbose stack     at /opt/nodes/6.1.0/lib/node_modules/npm/lib/run-script.js:57:5
4 verbose stack     at /opt/nodes/6.1.0/lib/node_modules/npm/node_modules/read-package-json/read-json.js:345:5
4 verbose stack     at checkBinReferences_ (/opt/nodes/6.1.0/lib/node_modules/npm/node_modules/read-package-json/read-json.js:309:45)
4 verbose stack     at final (/opt/nodes/6.1.0/lib/node_modules/npm/node_modules/read-package-json/read-json.js:343:3)
4 verbose stack     at then (/opt/nodes/6.1.0/lib/node_modules/npm/node_modules/read-package-json/read-json.js:113:5)
4 verbose stack     at ReadFileContext.<anonymous> (/opt/nodes/6.1.0/lib/node_modules/npm/node_modules/read-package-json/read-json.js:284:20)
4 verbose stack     at ReadFileContext.callback (/opt/nodes/6.1.0/lib/node_modules/npm/node_modules/graceful-fs/graceful-fs.js:78:16)
4 verbose stack     at FSReqWrap.readFileAfterOpen [as oncomplete] (fs.js:359:13)
5 verbose cwd /Users/andre.neubauer/Environment/ProViz
6 error Darwin 18.0.0
7 error argv "/opt/nodes/6.1.0/bin/node" "/opt/boxen/nodenv/versions/6.1.0/bin/npm" "start"
8 error node v6.1.0
9 error npm  v3.8.6
10 error missing script: start
11 error If you need help, you may report this error at:
11 error     <https://github.com/npm/npm/issues>
12 verbose exit [ 1, true ]
